<?xml version="1.0" encoding="UTF-8"?>
<robot generator="Robot 4.0.3 (Python 3.9.6 on win32)" generated="20210629 22:14:36.943" rpa="false" schemaversion="2">
<suite id="s1" name="Web Automation" source="C:\Users\wesle\Documents\Prime Experts\tests\web_automation.robot">
<test id="s1-t1" name="Caso de Teste 01: Pesquisar produto existente">
<kw name="Abrir navegador" library="Resources" type="SETUP">
<kw name="Open Browser" library="SeleniumLibrary">
<arg>browser=${BROWSER}</arg>
<doc>Opens a new browser instance to the optional ``url``.</doc>
<msg timestamp="20210629 22:14:37.157" level="INFO">Opening browser 'chrome' to base url 'None'.</msg>
<status status="PASS" starttime="20210629 22:14:37.157" endtime="20210629 22:14:38.742"/>
</kw>
<kw name="Maximize Browser Window" library="SeleniumLibrary">
<doc>Maximizes current browser window.</doc>
<status status="PASS" starttime="20210629 22:14:38.742" endtime="20210629 22:14:38.868"/>
</kw>
<status status="PASS" starttime="20210629 22:14:37.156" endtime="20210629 22:14:38.868"/>
</kw>
<kw name="Acessar a pagina home do site Automatio Practice" library="Resources">
<kw name="Go To" library="SeleniumLibrary">
<arg>${URL}</arg>
<doc>Navigates the current browser window to the provided ``url``.</doc>
<msg timestamp="20210629 22:14:38.870" level="INFO">Opening url 'http://automationpractice.com'</msg>
<status status="PASS" starttime="20210629 22:14:38.870" endtime="20210629 22:14:47.995"/>
</kw>
<kw name="Wait Until Element Is Visible" library="SeleniumLibrary">
<arg>xpath=//*[@id='block_top_menu']/ul</arg>
<doc>Waits until the element ``locator`` is visible.</doc>
<status status="PASS" starttime="20210629 22:14:47.995" endtime="20210629 22:14:48.018"/>
</kw>
<kw name="Title Should Be" library="SeleniumLibrary">
<arg>My Store</arg>
<doc>Verifies that the current page title equals ``title``.</doc>
<msg timestamp="20210629 22:14:48.022" level="INFO">Page title is 'My Store'.</msg>
<status status="PASS" starttime="20210629 22:14:48.019" endtime="20210629 22:14:48.022"/>
</kw>
<status status="PASS" starttime="20210629 22:14:38.869" endtime="20210629 22:14:48.023"/>
</kw>
<kw name="Digitar o nome do produto &quot;Blouse&quot; no campo da pesquisa" library="Resources" sourcename="Digitar o nome do produto &quot;${PRODUTO}&quot; no campo da pesquisa">
<kw name="Input Text" library="SeleniumLibrary">
<arg>name=search_query</arg>
<arg>${PRODUTO}</arg>
<doc>Types the given ``text`` into the text field identified by ``locator``.</doc>
<msg timestamp="20210629 22:14:48.024" level="INFO">Typing text 'Blouse' into text field 'name=search_query'.</msg>
<status status="PASS" starttime="20210629 22:14:48.023" endtime="20210629 22:14:48.096"/>
</kw>
<status status="PASS" starttime="20210629 22:14:48.023" endtime="20210629 22:14:48.096"/>
</kw>
<kw name="Clicar no botão pesquisar" library="Resources">
<kw name="Click Element" library="SeleniumLibrary">
<arg>name=submit_search</arg>
<doc>Click the element identified by ``locator``.</doc>
<msg timestamp="20210629 22:14:48.097" level="INFO">Clicking element 'name=submit_search'.</msg>
<status status="PASS" starttime="20210629 22:14:48.097" endtime="20210629 22:14:53.003"/>
</kw>
<status status="PASS" starttime="20210629 22:14:48.096" endtime="20210629 22:14:53.003"/>
</kw>
<kw name="Conferir se o produto &quot;Blouse&quot; foi listado no site" library="Resources" sourcename="Conferir se o produto &quot;${PRODUTO}&quot; foi listado no site">
<kw name="Title Should Be" library="SeleniumLibrary">
<arg>Search - My Store</arg>
<doc>Verifies that the current page title equals ``title``.</doc>
<msg timestamp="20210629 22:14:53.010" level="INFO">Page title is 'Search - My Store'.</msg>
<status status="PASS" starttime="20210629 22:14:53.005" endtime="20210629 22:14:53.010"/>
</kw>
<kw name="Page Should Contain" library="SeleniumLibrary">
<arg>xpath=//*[@id="center_column"]//*[@src="${URL}/img/p/7/7-home_default.jpg"]</arg>
<doc>Verifies that current page contains ``text``.</doc>
<kw name="Capture Page Screenshot" library="SeleniumLibrary">
<doc>Takes a screenshot of the current page and embeds it into a log file.</doc>
<msg timestamp="20210629 22:14:53.192" level="INFO" html="true">&lt;/td&gt;&lt;/tr&gt;&lt;tr&gt;&lt;td colspan="3"&gt;&lt;a href="selenium-screenshot-2.png"&gt;&lt;img src="selenium-screenshot-2.png" width="800px"&gt;&lt;/a&gt;</msg>
<status status="PASS" starttime="20210629 22:14:53.039" endtime="20210629 22:14:53.192"/>
</kw>
<msg timestamp="20210629 22:14:53.193" level="FAIL">Page should have contained text 'xpath=//*[@id="center_column"]//*[@src="http://automationpractice.com/img/p/7/7-home_default.jpg"]' but did not.</msg>
<status status="FAIL" starttime="20210629 22:14:53.010" endtime="20210629 22:14:53.193"/>
</kw>
<status status="FAIL" starttime="20210629 22:14:53.004" endtime="20210629 22:14:53.193"/>
</kw>
<kw name="Fechar navegador" library="Resources" type="TEARDOWN">
<kw name="Close Browser" library="SeleniumLibrary">
<doc>Closes the current browser.</doc>
<status status="PASS" starttime="20210629 22:14:53.194" endtime="20210629 22:14:58.183"/>
</kw>
<status status="PASS" starttime="20210629 22:14:53.194" endtime="20210629 22:14:58.183"/>
</kw>
<status status="FAIL" starttime="20210629 22:14:37.155" endtime="20210629 22:14:58.184">Page should have contained text 'xpath=//*[@id="center_column"]//*[@src="http://automationpractice.com/img/p/7/7-home_default.jpg"]' but did not.</status>
</test>
<doc>Aqui estarão presentes todos os blablabla</doc>
<status status="FAIL" starttime="20210629 22:14:36.944" endtime="20210629 22:14:58.185"/>
</suite>
<statistics>
<total>
<stat pass="0" fail="1" skip="0">All Tests</stat>
</total>
<tag>
</tag>
<suite>
<stat pass="0" fail="1" skip="0" id="s1" name="Web Automation">Web Automation</stat>
</suite>
</statistics>
<errors>
<msg timestamp="20210629 22:14:37.153" level="ERROR">Error in file 'C:\Users\wesle\Documents\Prime Experts\resources\Resources.robot' on line 5: Importing library 'Strings' failed: ModuleNotFoundError: No module named 'Strings'
Traceback (most recent call last):
  None
PYTHONPATH:
  C:\Users\wesle\AppData\Local\Programs\Python\Python39\Scripts\robot.exe
  c:\users\wesle\appdata\local\programs\python\python39\python39.zip
  c:\users\wesle\appdata\local\programs\python\python39\DLLs
  c:\users\wesle\appdata\local\programs\python\python39\lib
  c:\users\wesle\appdata\local\programs\python\python39
  c:\users\wesle\appdata\local\programs\python\python39\lib\site-packages</msg>
</errors>
</robot>
